The system is: Darwin - 21.2.0 - arm64
Compiling the C compiler identification source file "CMakeCCompilerId.c" succeeded.
Compiler: /opt/homebrew/bin/gcc-11 
Build flags: 
Id flags:  

The output was:
0


Compilation of the C compiler identification source "CMakeCCompilerId.c" produced "a.out"

The C compiler identification is GNU, found in "/Users/Lavender/Desktop/Go项目/Go-for-Acwing/build/CMakeFiles/3.21.4/CompilerIdC/a.out"

Compiling the CXX compiler identification source file "CMakeCXXCompilerId.cpp" succeeded.
Compiler: /opt/homebrew/bin/g++-11 
Build flags: 
Id flags:  

The output was:
0


Compilation of the CXX compiler identification source "CMakeCXXCompilerId.cpp" produced "a.out"

The CXX compiler identification is GNU, found in "/Users/Lavender/Desktop/Go项目/Go-for-Acwing/build/CMakeFiles/3.21.4/CompilerIdCXX/a.out"

Detecting C compiler ABI info compiled with the following output:
Change Dir: /Users/Lavender/Desktop/Go项目/Go-for-Acwing/build/CMakeFiles/CMakeTmp

Run Build Command(s):/usr/bin/make -f Makefile cmTC_c426c/fast && /Library/Developer/CommandLineTools/usr/bin/make  -f CMakeFiles/cmTC_c426c.dir/build.make CMakeFiles/cmTC_c426c.dir/build
Building C object CMakeFiles/cmTC_c426c.dir/CMakeCCompilerABI.c.o
/opt/homebrew/bin/gcc-11   -arch arm64 -isysroot /Library/Developer/CommandLineTools/SDKs/MacOSX12.1.sdk   -v -Wl,-v -o CMakeFiles/cmTC_c426c.dir/CMakeCCompilerABI.c.o -c /opt/homebrew/Cellar/cmake/3.21.4/share/cmake/Modules/CMakeCCompilerABI.c
Using built-in specs.
COLLECT_GCC=/opt/homebrew/bin/gcc-11
Target: aarch64-apple-darwin20
Configured with: ../configure --prefix=/opt/homebrew/Cellar/gcc/11.2.0_1 --libdir=/opt/homebrew/Cellar/gcc/11.2.0_1/lib/gcc/11 --disable-nls --enable-checking=release --enable-languages=c,c++,objc,obj-c++,fortran --program-suffix=-11 --with-gmp=/opt/homebrew/opt/gmp --with-mpfr=/opt/homebrew/opt/mpfr --with-mpc=/opt/homebrew/opt/libmpc --with-isl=/opt/homebrew/opt/isl --with-zstd=/opt/homebrew/opt/zstd --with-pkgversion='Homebrew GCC 11.2.0_1' --with-bugurl=https://github.com/Homebrew/homebrew-core/issues --build=aarch64-apple-darwin20 --with-system-zlib --disable-multilib --with-native-system-header-dir=/usr/include --with-sysroot=/Library/Developer/CommandLineTools/SDKs/MacOSX11.sdk
Thread model: posix
Supported LTO compression algorithms: zlib zstd
gcc version 11.1.0 (Homebrew GCC 11.2.0_1) 
COLLECT_GCC_OPTIONS='-isysroot' '/Library/Developer/CommandLineTools/SDKs/MacOSX12.1.sdk' '-v' '-o' 'CMakeFiles/cmTC_c426c.dir/CMakeCCompilerABI.c.o' '-c' '-mmacosx-version-min=12.1.0' '-asm_macosx_version_min=12.1' '-mlittle-endian' '-mabi=lp64' '-dumpdir' 'CMakeFiles/cmTC_c426c.dir/'
 /opt/homebrew/Cellar/gcc/11.2.0_1/libexec/gcc/aarch64-apple-darwin20/11.1.0/cc1 -quiet -v -D__DYNAMIC__ -isysroot /Library/Developer/CommandLineTools/SDKs/MacOSX12.1.sdk /opt/homebrew/Cellar/cmake/3.21.4/share/cmake/Modules/CMakeCCompilerABI.c -fPIC -quiet -dumpdir CMakeFiles/cmTC_c426c.dir/ -dumpbase CMakeCCompilerABI.c.c -dumpbase-ext .c -mmacosx-version-min=12.1.0 -mlittle-endian -mabi=lp64 -version -o /var/folders/n5/tfmlnwss24j1b2fdn952zmm00000gn/T//ccdrgUKY.s
GNU C17 (Homebrew GCC 11.2.0_1) version 11.1.0 (aarch64-apple-darwin20)
	compiled by GNU C version 11.1.0, GMP version 6.2.1, MPFR version 4.1.0, MPC version 1.2.1, isl version isl-0.24-GMP

GGC heuristics: --param ggc-min-expand=100 --param ggc-min-heapsize=131072
ignoring nonexistent directory "/Library/Developer/CommandLineTools/SDKs/MacOSX12.1.sdk/usr/local/include"
ignoring nonexistent directory "/opt/homebrew/Cellar/gcc/11.2.0_1/lib/gcc/11/gcc/aarch64-apple-darwin20/11.1.0/../../../../../../aarch64-apple-darwin20/include"
ignoring nonexistent directory "/Library/Developer/CommandLineTools/SDKs/MacOSX12.1.sdk/Library/Frameworks"
#include "..." search starts here:
#include <...> search starts here:
 /opt/homebrew/Cellar/gcc/11.2.0_1/lib/gcc/11/gcc/aarch64-apple-darwin20/11.1.0/include
 /opt/homebrew/Cellar/gcc/11.2.0_1/lib/gcc/11/gcc/aarch64-apple-darwin20/11.1.0/include-fixed
 /Library/Developer/CommandLineTools/SDKs/MacOSX12.1.sdk/usr/include
 /Library/Developer/CommandLineTools/SDKs/MacOSX12.1.sdk/System/Library/Frameworks
End of search list.
GNU C17 (Homebrew GCC 11.2.0_1) version 11.1.0 (aarch64-apple-darwin20)
	compiled by GNU C version 11.1.0, GMP version 6.2.1, MPFR version 4.1.0, MPC version 1.2.1, isl version isl-0.24-GMP

GGC heuristics: --param ggc-min-expand=100 --param ggc-min-heapsize=131072
Compiler executable checksum: 9d172744bf91ccae7275eb5cb65f6d16
COLLECT_GCC_OPTIONS='-isysroot' '/Library/Developer/CommandLineTools/SDKs/MacOSX12.1.sdk' '-v' '-o' 'CMakeFiles/cmTC_c426c.dir/CMakeCCompilerABI.c.o' '-c' '-mmacosx-version-min=12.1.0'  '-mlittle-endian' '-mabi=lp64' '-dumpdir' 'CMakeFiles/cmTC_c426c.dir/'
 as -arch arm64 -v -mmacosx-version-min=12.1 -o CMakeFiles/cmTC_c426c.dir/CMakeCCompilerABI.c.o /var/folders/n5/tfmlnwss24j1b2fdn952zmm00000gn/T//ccdrgUKY.s
Apple clang version 13.0.0 (clang-1300.0.29.30)
Target: arm64-apple-darwin21.2.0
Thread model: posix
InstalledDir: /Library/Developer/CommandLineTools/usr/bin
 "/Library/Developer/CommandLineTools/usr/bin/clang" -cc1as -triple arm64-apple-macosx12.1.0 -filetype obj -main-file-name ccdrgUKY.s -target-cpu apple-m1 -target-feature +v8.5a -target-feature +fp-armv8 -target-feature +neon -target-feature +crc -target-feature +crypto -target-feature +dotprod -target-feature +fp16fml -target-feature +ras -target-feature +lse -target-feature +rdm -target-feature +rcpc -target-feature +zcm -target-feature +zcz -target-feature +fullfp16 -target-feature +sm4 -target-feature +sha3 -target-feature +sha2 -target-feature +aes -fdebug-compilation-dir /Users/Lavender/Desktop/Go项目/Go-for-Acwing/build/CMakeFiles/CMakeTmp -dwarf-debug-producer "Apple clang version 13.0.0 (clang-1300.0.29.30)" -dwarf-version=4 -mrelocation-model pic --mrelax-relocations -mllvm -disable-aligned-alloc-awareness=1 -mllvm -enable-dse-memoryssa=0 -o CMakeFiles/cmTC_c426c.dir/CMakeCCompilerABI.c.o /var/folders/n5/tfmlnwss24j1b2fdn952zmm00000gn/T//ccdrgUKY.s
COMPILER_PATH=/opt/homebrew/Cellar/gcc/11.2.0_1/libexec/gcc/aarch64-apple-darwin20/11.1.0/:/opt/homebrew/Cellar/gcc/11.2.0_1/libexec/gcc/aarch64-apple-darwin20/11.1.0/:/opt/homebrew/Cellar/gcc/11.2.0_1/libexec/gcc/aarch64-apple-darwin20/:/opt/homebrew/Cellar/gcc/11.2.0_1/lib/gcc/11/gcc/aarch64-apple-darwin20/11.1.0/:/opt/homebrew/Cellar/gcc/11.2.0_1/lib/gcc/11/gcc/aarch64-apple-darwin20/
LIBRARY_PATH=/opt/homebrew/Cellar/gcc/11.2.0_1/lib/gcc/11/gcc/aarch64-apple-darwin20/11.1.0/:/opt/homebrew/Cellar/gcc/11.2.0_1/lib/gcc/11/gcc/aarch64-apple-darwin20/11.1.0/../../../
COLLECT_GCC_OPTIONS='-isysroot' '/Library/Developer/CommandLineTools/SDKs/MacOSX12.1.sdk' '-v' '-o' 'CMakeFiles/cmTC_c426c.dir/CMakeCCompilerABI.c.o' '-c' '-mmacosx-version-min=12.1.0'  '-mlittle-endian' '-mabi=lp64' '-dumpdir' 'CMakeFiles/cmTC_c426c.dir/CMakeCCompilerABI.c.'
Linking C executable cmTC_c426c
/opt/homebrew/Cellar/cmake/3.21.4/bin/cmake -E cmake_link_script CMakeFiles/cmTC_c426c.dir/link.txt --verbose=1
/opt/homebrew/bin/gcc-11  -arch arm64 -isysroot /Library/Developer/CommandLineTools/SDKs/MacOSX12.1.sdk -Wl,-search_paths_first -Wl,-headerpad_max_install_names  -v -Wl,-v CMakeFiles/cmTC_c426c.dir/CMakeCCompilerABI.c.o -o cmTC_c426c 
Using built-in specs.
COLLECT_GCC=/opt/homebrew/bin/gcc-11
COLLECT_LTO_WRAPPER=/opt/homebrew/Cellar/gcc/11.2.0_1/libexec/gcc/aarch64-apple-darwin20/11.1.0/lto-wrapper
Target: aarch64-apple-darwin20
Configured with: ../configure --prefix=/opt/homebrew/Cellar/gcc/11.2.0_1 --libdir=/opt/homebrew/Cellar/gcc/11.2.0_1/lib/gcc/11 --disable-nls --enable-checking=release --enable-languages=c,c++,objc,obj-c++,fortran --program-suffix=-11 --with-gmp=/opt/homebrew/opt/gmp --with-mpfr=/opt/homebrew/opt/mpfr --with-mpc=/opt/homebrew/opt/libmpc --with-isl=/opt/homebrew/opt/isl --with-zstd=/opt/homebrew/opt/zstd --with-pkgversion='Homebrew GCC 11.2.0_1' --with-bugurl=https://github.com/Homebrew/homebrew-core/issues --build=aarch64-apple-darwin20 --with-system-zlib --disable-multilib --with-native-system-header-dir=/usr/include --with-sysroot=/Library/Developer/CommandLineTools/SDKs/MacOSX11.sdk
Thread model: posix
Supported LTO compression algorithms: zlib zstd
gcc version 11.1.0 (Homebrew GCC 11.2.0_1) 
COMPILER_PATH=/opt/homebrew/Cellar/gcc/11.2.0_1/libexec/gcc/aarch64-apple-darwin20/11.1.0/:/opt/homebrew/Cellar/gcc/11.2.0_1/libexec/gcc/aarch64-apple-darwin20/11.1.0/:/opt/homebrew/Cellar/gcc/11.2.0_1/libexec/gcc/aarch64-apple-darwin20/:/opt/homebrew/Cellar/gcc/11.2.0_1/lib/gcc/11/gcc/aarch64-apple-darwin20/11.1.0/:/opt/homebrew/Cellar/gcc/11.2.0_1/lib/gcc/11/gcc/aarch64-apple-darwin20/
LIBRARY_PATH=/opt/homebrew/Cellar/gcc/11.2.0_1/lib/gcc/11/gcc/aarch64-apple-darwin20/11.1.0/:/opt/homebrew/Cellar/gcc/11.2.0_1/lib/gcc/11/gcc/aarch64-apple-darwin20/11.1.0/../../../
COLLECT_GCC_OPTIONS='-isysroot' '/Library/Developer/CommandLineTools/SDKs/MacOSX12.1.sdk' '-v' '-o' 'cmTC_c426c' '-mmacosx-version-min=12.1.0' '-asm_macosx_version_min=12.1' '-mlittle-endian' '-mabi=lp64' '-dumpdir' 'cmTC_c426c.'
 /opt/homebrew/Cellar/gcc/11.2.0_1/libexec/gcc/aarch64-apple-darwin20/11.1.0/collect2 -dynamic -arch arm64 -macosx_version_min 12.1.0 -syslibroot /Library/Developer/CommandLineTools/SDKs/MacOSX12.1.sdk -weak_reference_mismatches non-weak -o cmTC_c426c -L/opt/homebrew/Cellar/gcc/11.2.0_1/lib/gcc/11/gcc/aarch64-apple-darwin20/11.1.0 -L/opt/homebrew/Cellar/gcc/11.2.0_1/lib/gcc/11/gcc/aarch64-apple-darwin20/11.1.0/../../.. -search_paths_first -headerpad_max_install_names -v CMakeFiles/cmTC_c426c.dir/CMakeCCompilerABI.c.o -lgcc_s.1.1 -lgcc -lSystem -lgcc -no_compact_unwind -rpath @loader_path -rpath /opt/homebrew/Cellar/gcc/11.2.0_1/lib/gcc/11/gcc/aarch64-apple-darwin20/11.1.0 -rpath /opt/homebrew/Cellar/gcc/11.2.0_1/lib/gcc/11/gcc/aarch64-apple-darwin20/11.1.0/../../.. -v
collect2 version 11.1.0
/usr/bin/ld -dynamic -arch arm64 -macosx_version_min 12.1.0 -syslibroot /Library/Developer/CommandLineTools/SDKs/MacOSX12.1.sdk -weak_reference_mismatches non-weak -o cmTC_c426c -L/opt/homebrew/Cellar/gcc/11.2.0_1/lib/gcc/11/gcc/aarch64-apple-darwin20/11.1.0 -L/opt/homebrew/Cellar/gcc/11.2.0_1/lib/gcc/11/gcc/aarch64-apple-darwin20/11.1.0/../../.. -search_paths_first -headerpad_max_install_names -v CMakeFiles/cmTC_c426c.dir/CMakeCCompilerABI.c.o -lgcc_s.1.1 -lgcc -lSystem -lgcc -no_compact_unwind -rpath @loader_path -rpath /opt/homebrew/Cellar/gcc/11.2.0_1/lib/gcc/11/gcc/aarch64-apple-darwin20/11.1.0 -rpath /opt/homebrew/Cellar/gcc/11.2.0_1/lib/gcc/11/gcc/aarch64-apple-darwin20/11.1.0/../../.. -v
@(#)PROGRAM:ld  PROJECT:ld64-711
BUILD 21:57:24 Nov 17 2021
configured to support archs: armv6 armv7 armv7s arm64 arm64e arm64_32 i386 x86_64 x86_64h armv6m armv7k armv7m armv7em
@(#)PROGRAM:ld  PROJECT:ld64-711
BUILD 21:57:24 Nov 17 2021
configured to support archs: armv6 armv7 armv7s arm64 arm64e arm64_32 i386 x86_64 x86_64h armv6m armv7k armv7m armv7em
Library search paths:
	/opt/homebrew/Cellar/gcc/11.2.0_1/lib/gcc/11/gcc/aarch64-apple-darwin20/11.1.0
	/opt/homebrew/Cellar/gcc/11.2.0_1/lib/gcc/11
	/Library/Developer/CommandLineTools/SDKs/MacOSX12.1.sdk/usr/lib
Framework search paths:
	/Library/Developer/CommandLineTools/SDKs/MacOSX12.1.sdk/System/Library/Frameworks/



Parsed C implicit include dir info from above output: rv=done
  found start of include info
  found start of implicit include info
    add: [/opt/homebrew/Cellar/gcc/11.2.0_1/lib/gcc/11/gcc/aarch64-apple-darwin20/11.1.0/include]
    add: [/opt/homebrew/Cellar/gcc/11.2.0_1/lib/gcc/11/gcc/aarch64-apple-darwin20/11.1.0/include-fixed]
    add: [/Library/Developer/CommandLineTools/SDKs/MacOSX12.1.sdk/usr/include]
    add: [/Library/Developer/CommandLineTools/SDKs/MacOSX12.1.sdk/System/Library/Frameworks]
  end of search list found
  collapse include dir [/opt/homebrew/Cellar/gcc/11.2.0_1/lib/gcc/11/gcc/aarch64-apple-darwin20/11.1.0/include] ==> [/opt/homebrew/Cellar/gcc/11.2.0_1/lib/gcc/11/gcc/aarch64-apple-darwin20/11.1.0/include]
  collapse include dir [/opt/homebrew/Cellar/gcc/11.2.0_1/lib/gcc/11/gcc/aarch64-apple-darwin20/11.1.0/include-fixed] ==> [/opt/homebrew/Cellar/gcc/11.2.0_1/lib/gcc/11/gcc/aarch64-apple-darwin20/11.1.0/include-fixed]
  collapse include dir [/Library/Developer/CommandLineTools/SDKs/MacOSX12.1.sdk/usr/include] ==> [/Library/Developer/CommandLineTools/SDKs/MacOSX12.1.sdk/usr/include]
  collapse include dir [/Library/Developer/CommandLineTools/SDKs/MacOSX12.1.sdk/System/Library/Frameworks] ==> [/Library/Developer/CommandLineTools/SDKs/MacOSX12.1.sdk/System/Library/Frameworks]
  implicit include dirs: [/opt/homebrew/Cellar/gcc/11.2.0_1/lib/gcc/11/gcc/aarch64-apple-darwin20/11.1.0/include;/opt/homebrew/Cellar/gcc/11.2.0_1/lib/gcc/11/gcc/aarch64-apple-darwin20/11.1.0/include-fixed;/Library/Developer/CommandLineTools/SDKs/MacOSX12.1.sdk/usr/include;/Library/Developer/CommandLineTools/SDKs/MacOSX12.1.sdk/System/Library/Frameworks]


Parsed C implicit link information from above output:
  link line regex: [^( *|.*[/\])(ld|CMAKE_LINK_STARTFILE-NOTFOUND|([^/\]+-)?ld|collect2)[^/\]*( |$)]
  ignore line: [Change Dir: /Users/Lavender/Desktop/Go项目/Go-for-Acwing/build/CMakeFiles/CMakeTmp]
  ignore line: []
  ignore line: [Run Build Command(s):/usr/bin/make -f Makefile cmTC_c426c/fast && /Library/Developer/CommandLineTools/usr/bin/make  -f CMakeFiles/cmTC_c426c.dir/build.make CMakeFiles/cmTC_c426c.dir/build]
  ignore line: [Building C object CMakeFiles/cmTC_c426c.dir/CMakeCCompilerABI.c.o]
  ignore line: [/opt/homebrew/bin/gcc-11   -arch arm64 -isysroot /Library/Developer/CommandLineTools/SDKs/MacOSX12.1.sdk   -v -Wl -v -o CMakeFiles/cmTC_c426c.dir/CMakeCCompilerABI.c.o -c /opt/homebrew/Cellar/cmake/3.21.4/share/cmake/Modules/CMakeCCompilerABI.c]
  ignore line: [Using built-in specs.]
  ignore line: [COLLECT_GCC=/opt/homebrew/bin/gcc-11]
  ignore line: [Target: aarch64-apple-darwin20]
  ignore line: [Configured with: ../configure --prefix=/opt/homebrew/Cellar/gcc/11.2.0_1 --libdir=/opt/homebrew/Cellar/gcc/11.2.0_1/lib/gcc/11 --disable-nls --enable-checking=release --enable-languages=c c++ objc obj-c++ fortran --program-suffix=-11 --with-gmp=/opt/homebrew/opt/gmp --with-mpfr=/opt/homebrew/opt/mpfr --with-mpc=/opt/homebrew/opt/libmpc --with-isl=/opt/homebrew/opt/isl --with-zstd=/opt/homebrew/opt/zstd --with-pkgversion='Homebrew GCC 11.2.0_1' --with-bugurl=https://github.com/Homebrew/homebrew-core/issues --build=aarch64-apple-darwin20 --with-system-zlib --disable-multilib --with-native-system-header-dir=/usr/include --with-sysroot=/Library/Developer/CommandLineTools/SDKs/MacOSX11.sdk]
  ignore line: [Thread model: posix]
  ignore line: [Supported LTO compression algorithms: zlib zstd]
  ignore line: [gcc version 11.1.0 (Homebrew GCC 11.2.0_1) ]
  ignore line: [COLLECT_GCC_OPTIONS='-isysroot' '/Library/Developer/CommandLineTools/SDKs/MacOSX12.1.sdk' '-v' '-o' 'CMakeFiles/cmTC_c426c.dir/CMakeCCompilerABI.c.o' '-c' '-mmacosx-version-min=12.1.0' '-asm_macosx_version_min=12.1' '-mlittle-endian' '-mabi=lp64' '-dumpdir' 'CMakeFiles/cmTC_c426c.dir/']
  ignore line: [ /opt/homebrew/Cellar/gcc/11.2.0_1/libexec/gcc/aarch64-apple-darwin20/11.1.0/cc1 -quiet -v -D__DYNAMIC__ -isysroot /Library/Developer/CommandLineTools/SDKs/MacOSX12.1.sdk /opt/homebrew/Cellar/cmake/3.21.4/share/cmake/Modules/CMakeCCompilerABI.c -fPIC -quiet -dumpdir CMakeFiles/cmTC_c426c.dir/ -dumpbase CMakeCCompilerABI.c.c -dumpbase-ext .c -mmacosx-version-min=12.1.0 -mlittle-endian -mabi=lp64 -version -o /var/folders/n5/tfmlnwss24j1b2fdn952zmm00000gn/T//ccdrgUKY.s]
  ignore line: [GNU C17 (Homebrew GCC 11.2.0_1) version 11.1.0 (aarch64-apple-darwin20)]
  ignore line: [	compiled by GNU C version 11.1.0  GMP version 6.2.1  MPFR version 4.1.0  MPC version 1.2.1  isl version isl-0.24-GMP]
  ignore line: []
  ignore line: [GGC heuristics: --param ggc-min-expand=100 --param ggc-min-heapsize=131072]
  ignore line: [ignoring nonexistent directory "/Library/Developer/CommandLineTools/SDKs/MacOSX12.1.sdk/usr/local/include"]
  ignore line: [ignoring nonexistent directory "/opt/homebrew/Cellar/gcc/11.2.0_1/lib/gcc/11/gcc/aarch64-apple-darwin20/11.1.0/../../../../../../aarch64-apple-darwin20/include"]
  ignore line: [ignoring nonexistent directory "/Library/Developer/CommandLineTools/SDKs/MacOSX12.1.sdk/Library/Frameworks"]
  ignore line: [#include "..." search starts here:]
  ignore line: [#include <...> search starts here:]
  ignore line: [ /opt/homebrew/Cellar/gcc/11.2.0_1/lib/gcc/11/gcc/aarch64-apple-darwin20/11.1.0/include]
  ignore line: [ /opt/homebrew/Cellar/gcc/11.2.0_1/lib/gcc/11/gcc/aarch64-apple-darwin20/11.1.0/include-fixed]
  ignore line: [ /Library/Developer/CommandLineTools/SDKs/MacOSX12.1.sdk/usr/include]
  ignore line: [ /Library/Developer/CommandLineTools/SDKs/MacOSX12.1.sdk/System/Library/Frameworks]
  ignore line: [End of search list.]
  ignore line: [GNU C17 (Homebrew GCC 11.2.0_1) version 11.1.0 (aarch64-apple-darwin20)]
  ignore line: [	compiled by GNU C version 11.1.0  GMP version 6.2.1  MPFR version 4.1.0  MPC version 1.2.1  isl version isl-0.24-GMP]
  ignore line: []
  ignore line: [GGC heuristics: --param ggc-min-expand=100 --param ggc-min-heapsize=131072]
  ignore line: [Compiler executable checksum: 9d172744bf91ccae7275eb5cb65f6d16]
  ignore line: [COLLECT_GCC_OPTIONS='-isysroot' '/Library/Developer/CommandLineTools/SDKs/MacOSX12.1.sdk' '-v' '-o' 'CMakeFiles/cmTC_c426c.dir/CMakeCCompilerABI.c.o' '-c' '-mmacosx-version-min=12.1.0'  '-mlittle-endian' '-mabi=lp64' '-dumpdir' 'CMakeFiles/cmTC_c426c.dir/']
  ignore line: [ as -arch arm64 -v -mmacosx-version-min=12.1 -o CMakeFiles/cmTC_c426c.dir/CMakeCCompilerABI.c.o /var/folders/n5/tfmlnwss24j1b2fdn952zmm00000gn/T//ccdrgUKY.s]
  ignore line: [Apple clang version 13.0.0 (clang-1300.0.29.30)]
  ignore line: [Target: arm64-apple-darwin21.2.0]
  ignore line: [Thread model: posix]
  ignore line: [InstalledDir: /Library/Developer/CommandLineTools/usr/bin]
  ignore line: [ "/Library/Developer/CommandLineTools/usr/bin/clang" -cc1as -triple arm64-apple-macosx12.1.0 -filetype obj -main-file-name ccdrgUKY.s -target-cpu apple-m1 -target-feature +v8.5a -target-feature +fp-armv8 -target-feature +neon -target-feature +crc -target-feature +crypto -target-feature +dotprod -target-feature +fp16fml -target-feature +ras -target-feature +lse -target-feature +rdm -target-feature +rcpc -target-feature +zcm -target-feature +zcz -target-feature +fullfp16 -target-feature +sm4 -target-feature +sha3 -target-feature +sha2 -target-feature +aes -fdebug-compilation-dir /Users/Lavender/Desktop/Go项目/Go-for-Acwing/build/CMakeFiles/CMakeTmp -dwarf-debug-producer "Apple clang version 13.0.0 (clang-1300.0.29.30)" -dwarf-version=4 -mrelocation-model pic --mrelax-relocations -mllvm -disable-aligned-alloc-awareness=1 -mllvm -enable-dse-memoryssa=0 -o CMakeFiles/cmTC_c426c.dir/CMakeCCompilerABI.c.o /var/folders/n5/tfmlnwss24j1b2fdn952zmm00000gn/T//ccdrgUKY.s]
  ignore line: [COMPILER_PATH=/opt/homebrew/Cellar/gcc/11.2.0_1/libexec/gcc/aarch64-apple-darwin20/11.1.0/:/opt/homebrew/Cellar/gcc/11.2.0_1/libexec/gcc/aarch64-apple-darwin20/11.1.0/:/opt/homebrew/Cellar/gcc/11.2.0_1/libexec/gcc/aarch64-apple-darwin20/:/opt/homebrew/Cellar/gcc/11.2.0_1/lib/gcc/11/gcc/aarch64-apple-darwin20/11.1.0/:/opt/homebrew/Cellar/gcc/11.2.0_1/lib/gcc/11/gcc/aarch64-apple-darwin20/]
  ignore line: [LIBRARY_PATH=/opt/homebrew/Cellar/gcc/11.2.0_1/lib/gcc/11/gcc/aarch64-apple-darwin20/11.1.0/:/opt/homebrew/Cellar/gcc/11.2.0_1/lib/gcc/11/gcc/aarch64-apple-darwin20/11.1.0/../../../]
  ignore line: [COLLECT_GCC_OPTIONS='-isysroot' '/Library/Developer/CommandLineTools/SDKs/MacOSX12.1.sdk' '-v' '-o' 'CMakeFiles/cmTC_c426c.dir/CMakeCCompilerABI.c.o' '-c' '-mmacosx-version-min=12.1.0'  '-mlittle-endian' '-mabi=lp64' '-dumpdir' 'CMakeFiles/cmTC_c426c.dir/CMakeCCompilerABI.c.']
  ignore line: [Linking C executable cmTC_c426c]
  ignore line: [/opt/homebrew/Cellar/cmake/3.21.4/bin/cmake -E cmake_link_script CMakeFiles/cmTC_c426c.dir/link.txt --verbose=1]
  ignore line: [/opt/homebrew/bin/gcc-11  -arch arm64 -isysroot /Library/Developer/CommandLineTools/SDKs/MacOSX12.1.sdk -Wl -search_paths_first -Wl -headerpad_max_install_names  -v -Wl -v CMakeFiles/cmTC_c426c.dir/CMakeCCompilerABI.c.o -o cmTC_c426c ]
  ignore line: [Using built-in specs.]
  ignore line: [COLLECT_GCC=/opt/homebrew/bin/gcc-11]
  ignore line: [COLLECT_LTO_WRAPPER=/opt/homebrew/Cellar/gcc/11.2.0_1/libexec/gcc/aarch64-apple-darwin20/11.1.0/lto-wrapper]
  ignore line: [Target: aarch64-apple-darwin20]
  ignore line: [Configured with: ../configure --prefix=/opt/homebrew/Cellar/gcc/11.2.0_1 --libdir=/opt/homebrew/Cellar/gcc/11.2.0_1/lib/gcc/11 --disable-nls --enable-checking=release --enable-languages=c c++ objc obj-c++ fortran --program-suffix=-11 --with-gmp=/opt/homebrew/opt/gmp --with-mpfr=/opt/homebrew/opt/mpfr --with-mpc=/opt/homebrew/opt/libmpc --with-isl=/opt/homebrew/opt/isl --with-zstd=/opt/homebrew/opt/zstd --with-pkgversion='Homebrew GCC 11.2.0_1' --with-bugurl=https://github.com/Homebrew/homebrew-core/issues --build=aarch64-apple-darwin20 --with-system-zlib --disable-multilib --with-native-system-header-dir=/usr/include --with-sysroot=/Library/Developer/CommandLineTools/SDKs/MacOSX11.sdk]
  ignore line: [Thread model: posix]
  ignore line: [Supported LTO compression algorithms: zlib zstd]
  ignore line: [gcc version 11.1.0 (Homebrew GCC 11.2.0_1) ]
  ignore line: [COMPILER_PATH=/opt/homebrew/Cellar/gcc/11.2.0_1/libexec/gcc/aarch64-apple-darwin20/11.1.0/:/opt/homebrew/Cellar/gcc/11.2.0_1/libexec/gcc/aarch64-apple-darwin20/11.1.0/:/opt/homebrew/Cellar/gcc/11.2.0_1/libexec/gcc/aarch64-apple-darwin20/:/opt/homebrew/Cellar/gcc/11.2.0_1/lib/gcc/11/gcc/aarch64-apple-darwin20/11.1.0/:/opt/homebrew/Cellar/gcc/11.2.0_1/lib/gcc/11/gcc/aarch64-apple-darwin20/]
  ignore line: [LIBRARY_PATH=/opt/homebrew/Cellar/gcc/11.2.0_1/lib/gcc/11/gcc/aarch64-apple-darwin20/11.1.0/:/opt/homebrew/Cellar/gcc/11.2.0_1/lib/gcc/11/gcc/aarch64-apple-darwin20/11.1.0/../../../]
  ignore line: [COLLECT_GCC_OPTIONS='-isysroot' '/Library/Developer/CommandLineTools/SDKs/MacOSX12.1.sdk' '-v' '-o' 'cmTC_c426c' '-mmacosx-version-min=12.1.0' '-asm_macosx_version_min=12.1' '-mlittle-endian' '-mabi=lp64' '-dumpdir' 'cmTC_c426c.']
  link line: [ /opt/homebrew/Cellar/gcc/11.2.0_1/libexec/gcc/aarch64-apple-darwin20/11.1.0/collect2 -dynamic -arch arm64 -macosx_version_min 12.1.0 -syslibroot /Library/Developer/CommandLineTools/SDKs/MacOSX12.1.sdk -weak_reference_mismatches non-weak -o cmTC_c426c -L/opt/homebrew/Cellar/gcc/11.2.0_1/lib/gcc/11/gcc/aarch64-apple-darwin20/11.1.0 -L/opt/homebrew/Cellar/gcc/11.2.0_1/lib/gcc/11/gcc/aarch64-apple-darwin20/11.1.0/../../.. -search_paths_first -headerpad_max_install_names -v CMakeFiles/cmTC_c426c.dir/CMakeCCompilerABI.c.o -lgcc_s.1.1 -lgcc -lSystem -lgcc -no_compact_unwind -rpath @loader_path -rpath /opt/homebrew/Cellar/gcc/11.2.0_1/lib/gcc/11/gcc/aarch64-apple-darwin20/11.1.0 -rpath /opt/homebrew/Cellar/gcc/11.2.0_1/lib/gcc/11/gcc/aarch64-apple-darwin20/11.1.0/../../.. -v]
    arg [/opt/homebrew/Cellar/gcc/11.2.0_1/libexec/gcc/aarch64-apple-darwin20/11.1.0/collect2] ==> ignore
    arg [-dynamic] ==> ignore
    arg [-arch] ==> ignore
    arg [arm64] ==> ignore
    arg [-macosx_version_min] ==> ignore
    arg [12.1.0] ==> ignore
    arg [-syslibroot] ==> ignore
    arg [/Library/Developer/CommandLineTools/SDKs/MacOSX12.1.sdk] ==> ignore
    arg [-weak_reference_mismatches] ==> ignore
    arg [non-weak] ==> ignore
    arg [-o] ==> ignore
    arg [cmTC_c426c] ==> ignore
    arg [-L/opt/homebrew/Cellar/gcc/11.2.0_1/lib/gcc/11/gcc/aarch64-apple-darwin20/11.1.0] ==> dir [/opt/homebrew/Cellar/gcc/11.2.0_1/lib/gcc/11/gcc/aarch64-apple-darwin20/11.1.0]
    arg [-L/opt/homebrew/Cellar/gcc/11.2.0_1/lib/gcc/11/gcc/aarch64-apple-darwin20/11.1.0/../../..] ==> dir [/opt/homebrew/Cellar/gcc/11.2.0_1/lib/gcc/11/gcc/aarch64-apple-darwin20/11.1.0/../../..]
    arg [-search_paths_first] ==> ignore
    arg [-headerpad_max_install_names] ==> ignore
    arg [-v] ==> ignore
    arg [CMakeFiles/cmTC_c426c.dir/CMakeCCompilerABI.c.o] ==> ignore
    arg [-lgcc_s.1.1] ==> lib [gcc_s.1.1]
    arg [-lgcc] ==> lib [gcc]
    arg [-lSystem] ==> lib [System]
    arg [-lgcc] ==> lib [gcc]
    arg [-no_compact_unwind] ==> ignore
    arg [-rpath] ==> ignore
    arg [@loader_path] ==> ignore
    arg [-rpath] ==> ignore
    arg [/opt/homebrew/Cellar/gcc/11.2.0_1/lib/gcc/11/gcc/aarch64-apple-darwin20/11.1.0] ==> ignore
    arg [-rpath] ==> ignore
    arg [/opt/homebrew/Cellar/gcc/11.2.0_1/lib/gcc/11/gcc/aarch64-apple-darwin20/11.1.0/../../..] ==> ignore
    arg [-v] ==> ignore
  Library search paths: [;/opt/homebrew/Cellar/gcc/11.2.0_1/lib/gcc/11/gcc/aarch64-apple-darwin20/11.1.0;/opt/homebrew/Cellar/gcc/11.2.0_1/lib/gcc/11;/Library/Developer/CommandLineTools/SDKs/MacOSX12.1.sdk/usr/lib]
  Framework search paths: [;/Library/Developer/CommandLineTools/SDKs/MacOSX12.1.sdk/System/Library/Frameworks/]
  remove lib [System]
  collapse library dir [/opt/homebrew/Cellar/gcc/11.2.0_1/lib/gcc/11/gcc/aarch64-apple-darwin20/11.1.0] ==> [/opt/homebrew/Cellar/gcc/11.2.0_1/lib/gcc/11/gcc/aarch64-apple-darwin20/11.1.0]
  collapse library dir [/opt/homebrew/Cellar/gcc/11.2.0_1/lib/gcc/11/gcc/aarch64-apple-darwin20/11.1.0/../../..] ==> [/opt/homebrew/Cellar/gcc/11.2.0_1/lib/gcc/11]
  collapse library dir [/opt/homebrew/Cellar/gcc/11.2.0_1/lib/gcc/11/gcc/aarch64-apple-darwin20/11.1.0] ==> [/opt/homebrew/Cellar/gcc/11.2.0_1/lib/gcc/11/gcc/aarch64-apple-darwin20/11.1.0]
  collapse library dir [/opt/homebrew/Cellar/gcc/11.2.0_1/lib/gcc/11] ==> [/opt/homebrew/Cellar/gcc/11.2.0_1/lib/gcc/11]
  collapse library dir [/Library/Developer/CommandLineTools/SDKs/MacOSX12.1.sdk/usr/lib] ==> [/Library/Developer/CommandLineTools/SDKs/MacOSX12.1.sdk/usr/lib]
  collapse framework dir [/Library/Developer/CommandLineTools/SDKs/MacOSX12.1.sdk/System/Library/Frameworks/] ==> [/Library/Developer/CommandLineTools/SDKs/MacOSX12.1.sdk/System/Library/Frameworks]
  implicit libs: [gcc_s.1.1;gcc;gcc]
  implicit objs: []
  implicit dirs: [/opt/homebrew/Cellar/gcc/11.2.0_1/lib/gcc/11/gcc/aarch64-apple-darwin20/11.1.0;/opt/homebrew/Cellar/gcc/11.2.0_1/lib/gcc/11;/Library/Developer/CommandLineTools/SDKs/MacOSX12.1.sdk/usr/lib]
  implicit fwks: [/Library/Developer/CommandLineTools/SDKs/MacOSX12.1.sdk/System/Library/Frameworks]


Detecting CXX compiler ABI info compiled with the following output:
Change Dir: /Users/Lavender/Desktop/Go项目/Go-for-Acwing/build/CMakeFiles/CMakeTmp

Run Build Command(s):/usr/bin/make -f Makefile cmTC_41f94/fast && /Library/Developer/CommandLineTools/usr/bin/make  -f CMakeFiles/cmTC_41f94.dir/build.make CMakeFiles/cmTC_41f94.dir/build
Building CXX object CMakeFiles/cmTC_41f94.dir/CMakeCXXCompilerABI.cpp.o
/opt/homebrew/bin/g++-11   -arch arm64 -isysroot /Library/Developer/CommandLineTools/SDKs/MacOSX12.1.sdk   -v -Wl,-v -o CMakeFiles/cmTC_41f94.dir/CMakeCXXCompilerABI.cpp.o -c /opt/homebrew/Cellar/cmake/3.21.4/share/cmake/Modules/CMakeCXXCompilerABI.cpp
Using built-in specs.
COLLECT_GCC=/opt/homebrew/bin/g++-11
Target: aarch64-apple-darwin20
Configured with: ../configure --prefix=/opt/homebrew/Cellar/gcc/11.2.0_1 --libdir=/opt/homebrew/Cellar/gcc/11.2.0_1/lib/gcc/11 --disable-nls --enable-checking=release --enable-languages=c,c++,objc,obj-c++,fortran --program-suffix=-11 --with-gmp=/opt/homebrew/opt/gmp --with-mpfr=/opt/homebrew/opt/mpfr --with-mpc=/opt/homebrew/opt/libmpc --with-isl=/opt/homebrew/opt/isl --with-zstd=/opt/homebrew/opt/zstd --with-pkgversion='Homebrew GCC 11.2.0_1' --with-bugurl=https://github.com/Homebrew/homebrew-core/issues --build=aarch64-apple-darwin20 --with-system-zlib --disable-multilib --with-native-system-header-dir=/usr/include --with-sysroot=/Library/Developer/CommandLineTools/SDKs/MacOSX11.sdk
Thread model: posix
Supported LTO compression algorithms: zlib zstd
gcc version 11.1.0 (Homebrew GCC 11.2.0_1) 
COLLECT_GCC_OPTIONS='-isysroot' '/Library/Developer/CommandLineTools/SDKs/MacOSX12.1.sdk' '-v' '-o' 'CMakeFiles/cmTC_41f94.dir/CMakeCXXCompilerABI.cpp.o' '-c' '-mmacosx-version-min=12.1.0' '-asm_macosx_version_min=12.1' '-mlittle-endian' '-mabi=lp64' '-dumpdir' 'CMakeFiles/cmTC_41f94.dir/'
 /opt/homebrew/Cellar/gcc/11.2.0_1/libexec/gcc/aarch64-apple-darwin20/11.1.0/cc1plus -quiet -v -D__DYNAMIC__ -isysroot /Library/Developer/CommandLineTools/SDKs/MacOSX12.1.sdk /opt/homebrew/Cellar/cmake/3.21.4/share/cmake/Modules/CMakeCXXCompilerABI.cpp -fPIC -quiet -dumpdir CMakeFiles/cmTC_41f94.dir/ -dumpbase CMakeCXXCompilerABI.cpp.cpp -dumpbase-ext .cpp -mmacosx-version-min=12.1.0 -mlittle-endian -mabi=lp64 -version -o /var/folders/n5/tfmlnwss24j1b2fdn952zmm00000gn/T//cc097Azz.s
GNU C++17 (Homebrew GCC 11.2.0_1) version 11.1.0 (aarch64-apple-darwin20)
	compiled by GNU C version 11.1.0, GMP version 6.2.1, MPFR version 4.1.0, MPC version 1.2.1, isl version isl-0.24-GMP

GGC heuristics: --param ggc-min-expand=100 --param ggc-min-heapsize=131072
ignoring nonexistent directory "/Library/Developer/CommandLineTools/SDKs/MacOSX12.1.sdk/usr/local/include"
ignoring nonexistent directory "/opt/homebrew/Cellar/gcc/11.2.0_1/lib/gcc/11/gcc/aarch64-apple-darwin20/11.1.0/../../../../../../aarch64-apple-darwin20/include"
ignoring nonexistent directory "/Library/Developer/CommandLineTools/SDKs/MacOSX12.1.sdk/Library/Frameworks"
#include "..." search starts here:
#include <...> search starts here:
 /opt/homebrew/Cellar/gcc/11.2.0_1/lib/gcc/11/gcc/aarch64-apple-darwin20/11.1.0/../../../../../../include/c++/11.1.0
 /opt/homebrew/Cellar/gcc/11.2.0_1/lib/gcc/11/gcc/aarch64-apple-darwin20/11.1.0/../../../../../../include/c++/11.1.0/aarch64-apple-darwin20
 /opt/homebrew/Cellar/gcc/11.2.0_1/lib/gcc/11/gcc/aarch64-apple-darwin20/11.1.0/../../../../../../include/c++/11.1.0/backward
 /opt/homebrew/Cellar/gcc/11.2.0_1/lib/gcc/11/gcc/aarch64-apple-darwin20/11.1.0/include
 /opt/homebrew/Cellar/gcc/11.2.0_1/lib/gcc/11/gcc/aarch64-apple-darwin20/11.1.0/include-fixed
 /Library/Developer/CommandLineTools/SDKs/MacOSX12.1.sdk/usr/include
 /Library/Developer/CommandLineTools/SDKs/MacOSX12.1.sdk/System/Library/Frameworks
End of search list.
GNU C++17 (Homebrew GCC 11.2.0_1) version 11.1.0 (aarch64-apple-darwin20)
	compiled by GNU C version 11.1.0, GMP version 6.2.1, MPFR version 4.1.0, MPC version 1.2.1, isl version isl-0.24-GMP

GGC heuristics: --param ggc-min-expand=100 --param ggc-min-heapsize=131072
Compiler executable checksum: 7472ff6f5aa39c890d91956da639992a
COLLECT_GCC_OPTIONS='-isysroot' '/Library/Developer/CommandLineTools/SDKs/MacOSX12.1.sdk' '-v' '-o' 'CMakeFiles/cmTC_41f94.dir/CMakeCXXCompilerABI.cpp.o' '-c' '-mmacosx-version-min=12.1.0'  '-mlittle-endian' '-mabi=lp64' '-dumpdir' 'CMakeFiles/cmTC_41f94.dir/'
 as -arch arm64 -v -mmacosx-version-min=12.1 -o CMakeFiles/cmTC_41f94.dir/CMakeCXXCompilerABI.cpp.o /var/folders/n5/tfmlnwss24j1b2fdn952zmm00000gn/T//cc097Azz.s
Apple clang version 13.0.0 (clang-1300.0.29.30)
Target: arm64-apple-darwin21.2.0
Thread model: posix
InstalledDir: /Library/Developer/CommandLineTools/usr/bin
 "/Library/Developer/CommandLineTools/usr/bin/clang" -cc1as -triple arm64-apple-macosx12.1.0 -filetype obj -main-file-name cc097Azz.s -target-cpu apple-m1 -target-feature +v8.5a -target-feature +fp-armv8 -target-feature +neon -target-feature +crc -target-feature +crypto -target-feature +dotprod -target-feature +fp16fml -target-feature +ras -target-feature +lse -target-feature +rdm -target-feature +rcpc -target-feature +zcm -target-feature +zcz -target-feature +fullfp16 -target-feature +sm4 -target-feature +sha3 -target-feature +sha2 -target-feature +aes -fdebug-compilation-dir /Users/Lavender/Desktop/Go项目/Go-for-Acwing/build/CMakeFiles/CMakeTmp -dwarf-debug-producer "Apple clang version 13.0.0 (clang-1300.0.29.30)" -dwarf-version=4 -mrelocation-model pic --mrelax-relocations -mllvm -disable-aligned-alloc-awareness=1 -mllvm -enable-dse-memoryssa=0 -o CMakeFiles/cmTC_41f94.dir/CMakeCXXCompilerABI.cpp.o /var/folders/n5/tfmlnwss24j1b2fdn952zmm00000gn/T//cc097Azz.s
COMPILER_PATH=/opt/homebrew/Cellar/gcc/11.2.0_1/libexec/gcc/aarch64-apple-darwin20/11.1.0/:/opt/homebrew/Cellar/gcc/11.2.0_1/libexec/gcc/aarch64-apple-darwin20/11.1.0/:/opt/homebrew/Cellar/gcc/11.2.0_1/libexec/gcc/aarch64-apple-darwin20/:/opt/homebrew/Cellar/gcc/11.2.0_1/lib/gcc/11/gcc/aarch64-apple-darwin20/11.1.0/:/opt/homebrew/Cellar/gcc/11.2.0_1/lib/gcc/11/gcc/aarch64-apple-darwin20/
LIBRARY_PATH=/opt/homebrew/Cellar/gcc/11.2.0_1/lib/gcc/11/gcc/aarch64-apple-darwin20/11.1.0/:/opt/homebrew/Cellar/gcc/11.2.0_1/lib/gcc/11/gcc/aarch64-apple-darwin20/11.1.0/../../../
COLLECT_GCC_OPTIONS='-isysroot' '/Library/Developer/CommandLineTools/SDKs/MacOSX12.1.sdk' '-v' '-o' 'CMakeFiles/cmTC_41f94.dir/CMakeCXXCompilerABI.cpp.o' '-c' '-mmacosx-version-min=12.1.0'  '-mlittle-endian' '-mabi=lp64' '-dumpdir' 'CMakeFiles/cmTC_41f94.dir/CMakeCXXCompilerABI.cpp.'
Linking CXX executable cmTC_41f94
/opt/homebrew/Cellar/cmake/3.21.4/bin/cmake -E cmake_link_script CMakeFiles/cmTC_41f94.dir/link.txt --verbose=1
/opt/homebrew/bin/g++-11  -arch arm64 -isysroot /Library/Developer/CommandLineTools/SDKs/MacOSX12.1.sdk -Wl,-search_paths_first -Wl,-headerpad_max_install_names  -v -Wl,-v CMakeFiles/cmTC_41f94.dir/CMakeCXXCompilerABI.cpp.o -o cmTC_41f94 
Using built-in specs.
COLLECT_GCC=/opt/homebrew/bin/g++-11
COLLECT_LTO_WRAPPER=/opt/homebrew/Cellar/gcc/11.2.0_1/libexec/gcc/aarch64-apple-darwin20/11.1.0/lto-wrapper
Target: aarch64-apple-darwin20
Configured with: ../configure --prefix=/opt/homebrew/Cellar/gcc/11.2.0_1 --libdir=/opt/homebrew/Cellar/gcc/11.2.0_1/lib/gcc/11 --disable-nls --enable-checking=release --enable-languages=c,c++,objc,obj-c++,fortran --program-suffix=-11 --with-gmp=/opt/homebrew/opt/gmp --with-mpfr=/opt/homebrew/opt/mpfr --with-mpc=/opt/homebrew/opt/libmpc --with-isl=/opt/homebrew/opt/isl --with-zstd=/opt/homebrew/opt/zstd --with-pkgversion='Homebrew GCC 11.2.0_1' --with-bugurl=https://github.com/Homebrew/homebrew-core/issues --build=aarch64-apple-darwin20 --with-system-zlib --disable-multilib --with-native-system-header-dir=/usr/include --with-sysroot=/Library/Developer/CommandLineTools/SDKs/MacOSX11.sdk
Thread model: posix
Supported LTO compression algorithms: zlib zstd
gcc version 11.1.0 (Homebrew GCC 11.2.0_1) 
COMPILER_PATH=/opt/homebrew/Cellar/gcc/11.2.0_1/libexec/gcc/aarch64-apple-darwin20/11.1.0/:/opt/homebrew/Cellar/gcc/11.2.0_1/libexec/gcc/aarch64-apple-darwin20/11.1.0/:/opt/homebrew/Cellar/gcc/11.2.0_1/libexec/gcc/aarch64-apple-darwin20/:/opt/homebrew/Cellar/gcc/11.2.0_1/lib/gcc/11/gcc/aarch64-apple-darwin20/11.1.0/:/opt/homebrew/Cellar/gcc/11.2.0_1/lib/gcc/11/gcc/aarch64-apple-darwin20/
LIBRARY_PATH=/opt/homebrew/Cellar/gcc/11.2.0_1/lib/gcc/11/gcc/aarch64-apple-darwin20/11.1.0/:/opt/homebrew/Cellar/gcc/11.2.0_1/lib/gcc/11/gcc/aarch64-apple-darwin20/11.1.0/../../../
COLLECT_GCC_OPTIONS='-isysroot' '/Library/Developer/CommandLineTools/SDKs/MacOSX12.1.sdk' '-v' '-o' 'cmTC_41f94' '-mmacosx-version-min=12.1.0' '-asm_macosx_version_min=12.1' '-mlittle-endian' '-mabi=lp64' '-dumpdir' 'cmTC_41f94.'
 /opt/homebrew/Cellar/gcc/11.2.0_1/libexec/gcc/aarch64-apple-darwin20/11.1.0/collect2 -dynamic -arch arm64 -macosx_version_min 12.1.0 -syslibroot /Library/Developer/CommandLineTools/SDKs/MacOSX12.1.sdk -weak_reference_mismatches non-weak -o cmTC_41f94 -L/opt/homebrew/Cellar/gcc/11.2.0_1/lib/gcc/11/gcc/aarch64-apple-darwin20/11.1.0 -L/opt/homebrew/Cellar/gcc/11.2.0_1/lib/gcc/11/gcc/aarch64-apple-darwin20/11.1.0/../../.. -search_paths_first -headerpad_max_install_names -v CMakeFiles/cmTC_41f94.dir/CMakeCXXCompilerABI.cpp.o -lstdc++ -lgcc_s.1.1 -lgcc -lSystem -lgcc -no_compact_unwind -rpath @loader_path -rpath /opt/homebrew/Cellar/gcc/11.2.0_1/lib/gcc/11/gcc/aarch64-apple-darwin20/11.1.0 -rpath /opt/homebrew/Cellar/gcc/11.2.0_1/lib/gcc/11/gcc/aarch64-apple-darwin20/11.1.0/../../.. -v
collect2 version 11.1.0
/usr/bin/ld -dynamic -arch arm64 -macosx_version_min 12.1.0 -syslibroot /Library/Developer/CommandLineTools/SDKs/MacOSX12.1.sdk -weak_reference_mismatches non-weak -o cmTC_41f94 -L/opt/homebrew/Cellar/gcc/11.2.0_1/lib/gcc/11/gcc/aarch64-apple-darwin20/11.1.0 -L/opt/homebrew/Cellar/gcc/11.2.0_1/lib/gcc/11/gcc/aarch64-apple-darwin20/11.1.0/../../.. -search_paths_first -headerpad_max_install_names -v CMakeFiles/cmTC_41f94.dir/CMakeCXXCompilerABI.cpp.o -lstdc++ -lgcc_s.1.1 -lgcc -lSystem -lgcc -no_compact_unwind -rpath @loader_path -rpath /opt/homebrew/Cellar/gcc/11.2.0_1/lib/gcc/11/gcc/aarch64-apple-darwin20/11.1.0 -rpath /opt/homebrew/Cellar/gcc/11.2.0_1/lib/gcc/11/gcc/aarch64-apple-darwin20/11.1.0/../../.. -v
@(#)PROGRAM:ld  PROJECT:ld64-711
BUILD 21:57:24 Nov 17 2021
configured to support archs: armv6 armv7 armv7s arm64 arm64e arm64_32 i386 x86_64 x86_64h armv6m armv7k armv7m armv7em
@(#)PROGRAM:ld  PROJECT:ld64-711
BUILD 21:57:24 Nov 17 2021
configured to support archs: armv6 armv7 armv7s arm64 arm64e arm64_32 i386 x86_64 x86_64h armv6m armv7k armv7m armv7em
Library search paths:
	/opt/homebrew/Cellar/gcc/11.2.0_1/lib/gcc/11/gcc/aarch64-apple-darwin20/11.1.0
	/opt/homebrew/Cellar/gcc/11.2.0_1/lib/gcc/11
	/Library/Developer/CommandLineTools/SDKs/MacOSX12.1.sdk/usr/lib
Framework search paths:
	/Library/Developer/CommandLineTools/SDKs/MacOSX12.1.sdk/System/Library/Frameworks/



Parsed CXX implicit include dir info from above output: rv=done
  found start of include info
  found start of implicit include info
    add: [/opt/homebrew/Cellar/gcc/11.2.0_1/lib/gcc/11/gcc/aarch64-apple-darwin20/11.1.0/../../../../../../include/c++/11.1.0]
    add: [/opt/homebrew/Cellar/gcc/11.2.0_1/lib/gcc/11/gcc/aarch64-apple-darwin20/11.1.0/../../../../../../include/c++/11.1.0/aarch64-apple-darwin20]
    add: [/opt/homebrew/Cellar/gcc/11.2.0_1/lib/gcc/11/gcc/aarch64-apple-darwin20/11.1.0/../../../../../../include/c++/11.1.0/backward]
    add: [/opt/homebrew/Cellar/gcc/11.2.0_1/lib/gcc/11/gcc/aarch64-apple-darwin20/11.1.0/include]
    add: [/opt/homebrew/Cellar/gcc/11.2.0_1/lib/gcc/11/gcc/aarch64-apple-darwin20/11.1.0/include-fixed]
    add: [/Library/Developer/CommandLineTools/SDKs/MacOSX12.1.sdk/usr/include]
    add: [/Library/Developer/CommandLineTools/SDKs/MacOSX12.1.sdk/System/Library/Frameworks]
  end of search list found
  collapse include dir [/opt/homebrew/Cellar/gcc/11.2.0_1/lib/gcc/11/gcc/aarch64-apple-darwin20/11.1.0/../../../../../../include/c++/11.1.0] ==> [/opt/homebrew/Cellar/gcc/11.2.0_1/include/c++/11.1.0]
  collapse include dir [/opt/homebrew/Cellar/gcc/11.2.0_1/lib/gcc/11/gcc/aarch64-apple-darwin20/11.1.0/../../../../../../include/c++/11.1.0/aarch64-apple-darwin20] ==> [/opt/homebrew/Cellar/gcc/11.2.0_1/include/c++/11.1.0/aarch64-apple-darwin20]
  collapse include dir [/opt/homebrew/Cellar/gcc/11.2.0_1/lib/gcc/11/gcc/aarch64-apple-darwin20/11.1.0/../../../../../../include/c++/11.1.0/backward] ==> [/opt/homebrew/Cellar/gcc/11.2.0_1/include/c++/11.1.0/backward]
  collapse include dir [/opt/homebrew/Cellar/gcc/11.2.0_1/lib/gcc/11/gcc/aarch64-apple-darwin20/11.1.0/include] ==> [/opt/homebrew/Cellar/gcc/11.2.0_1/lib/gcc/11/gcc/aarch64-apple-darwin20/11.1.0/include]
  collapse include dir [/opt/homebrew/Cellar/gcc/11.2.0_1/lib/gcc/11/gcc/aarch64-apple-darwin20/11.1.0/include-fixed] ==> [/opt/homebrew/Cellar/gcc/11.2.0_1/lib/gcc/11/gcc/aarch64-apple-darwin20/11.1.0/include-fixed]
  collapse include dir [/Library/Developer/CommandLineTools/SDKs/MacOSX12.1.sdk/usr/include] ==> [/Library/Developer/CommandLineTools/SDKs/MacOSX12.1.sdk/usr/include]
  collapse include dir [/Library/Developer/CommandLineTools/SDKs/MacOSX12.1.sdk/System/Library/Frameworks] ==> [/Library/Developer/CommandLineTools/SDKs/MacOSX12.1.sdk/System/Library/Frameworks]
  implicit include dirs: [/opt/homebrew/Cellar/gcc/11.2.0_1/include/c++/11.1.0;/opt/homebrew/Cellar/gcc/11.2.0_1/include/c++/11.1.0/aarch64-apple-darwin20;/opt/homebrew/Cellar/gcc/11.2.0_1/include/c++/11.1.0/backward;/opt/homebrew/Cellar/gcc/11.2.0_1/lib/gcc/11/gcc/aarch64-apple-darwin20/11.1.0/include;/opt/homebrew/Cellar/gcc/11.2.0_1/lib/gcc/11/gcc/aarch64-apple-darwin20/11.1.0/include-fixed;/Library/Developer/CommandLineTools/SDKs/MacOSX12.1.sdk/usr/include;/Library/Developer/CommandLineTools/SDKs/MacOSX12.1.sdk/System/Library/Frameworks]


Parsed CXX implicit link information from above output:
  link line regex: [^( *|.*[/\])(ld|CMAKE_LINK_STARTFILE-NOTFOUND|([^/\]+-)?ld|collect2)[^/\]*( |$)]
  ignore line: [Change Dir: /Users/Lavender/Desktop/Go项目/Go-for-Acwing/build/CMakeFiles/CMakeTmp]
  ignore line: []
  ignore line: [Run Build Command(s):/usr/bin/make -f Makefile cmTC_41f94/fast && /Library/Developer/CommandLineTools/usr/bin/make  -f CMakeFiles/cmTC_41f94.dir/build.make CMakeFiles/cmTC_41f94.dir/build]
  ignore line: [Building CXX object CMakeFiles/cmTC_41f94.dir/CMakeCXXCompilerABI.cpp.o]
  ignore line: [/opt/homebrew/bin/g++-11   -arch arm64 -isysroot /Library/Developer/CommandLineTools/SDKs/MacOSX12.1.sdk   -v -Wl -v -o CMakeFiles/cmTC_41f94.dir/CMakeCXXCompilerABI.cpp.o -c /opt/homebrew/Cellar/cmake/3.21.4/share/cmake/Modules/CMakeCXXCompilerABI.cpp]
  ignore line: [Using built-in specs.]
  ignore line: [COLLECT_GCC=/opt/homebrew/bin/g++-11]
  ignore line: [Target: aarch64-apple-darwin20]
  ignore line: [Configured with: ../configure --prefix=/opt/homebrew/Cellar/gcc/11.2.0_1 --libdir=/opt/homebrew/Cellar/gcc/11.2.0_1/lib/gcc/11 --disable-nls --enable-checking=release --enable-languages=c c++ objc obj-c++ fortran --program-suffix=-11 --with-gmp=/opt/homebrew/opt/gmp --with-mpfr=/opt/homebrew/opt/mpfr --with-mpc=/opt/homebrew/opt/libmpc --with-isl=/opt/homebrew/opt/isl --with-zstd=/opt/homebrew/opt/zstd --with-pkgversion='Homebrew GCC 11.2.0_1' --with-bugurl=https://github.com/Homebrew/homebrew-core/issues --build=aarch64-apple-darwin20 --with-system-zlib --disable-multilib --with-native-system-header-dir=/usr/include --with-sysroot=/Library/Developer/CommandLineTools/SDKs/MacOSX11.sdk]
  ignore line: [Thread model: posix]
  ignore line: [Supported LTO compression algorithms: zlib zstd]
  ignore line: [gcc version 11.1.0 (Homebrew GCC 11.2.0_1) ]
  ignore line: [COLLECT_GCC_OPTIONS='-isysroot' '/Library/Developer/CommandLineTools/SDKs/MacOSX12.1.sdk' '-v' '-o' 'CMakeFiles/cmTC_41f94.dir/CMakeCXXCompilerABI.cpp.o' '-c' '-mmacosx-version-min=12.1.0' '-asm_macosx_version_min=12.1' '-mlittle-endian' '-mabi=lp64' '-dumpdir' 'CMakeFiles/cmTC_41f94.dir/']
  ignore line: [ /opt/homebrew/Cellar/gcc/11.2.0_1/libexec/gcc/aarch64-apple-darwin20/11.1.0/cc1plus -quiet -v -D__DYNAMIC__ -isysroot /Library/Developer/CommandLineTools/SDKs/MacOSX12.1.sdk /opt/homebrew/Cellar/cmake/3.21.4/share/cmake/Modules/CMakeCXXCompilerABI.cpp -fPIC -quiet -dumpdir CMakeFiles/cmTC_41f94.dir/ -dumpbase CMakeCXXCompilerABI.cpp.cpp -dumpbase-ext .cpp -mmacosx-version-min=12.1.0 -mlittle-endian -mabi=lp64 -version -o /var/folders/n5/tfmlnwss24j1b2fdn952zmm00000gn/T//cc097Azz.s]
  ignore line: [GNU C++17 (Homebrew GCC 11.2.0_1) version 11.1.0 (aarch64-apple-darwin20)]
  ignore line: [	compiled by GNU C version 11.1.0  GMP version 6.2.1  MPFR version 4.1.0  MPC version 1.2.1  isl version isl-0.24-GMP]
  ignore line: []
  ignore line: [GGC heuristics: --param ggc-min-expand=100 --param ggc-min-heapsize=131072]
  ignore line: [ignoring nonexistent directory "/Library/Developer/CommandLineTools/SDKs/MacOSX12.1.sdk/usr/local/include"]
  ignore line: [ignoring nonexistent directory "/opt/homebrew/Cellar/gcc/11.2.0_1/lib/gcc/11/gcc/aarch64-apple-darwin20/11.1.0/../../../../../../aarch64-apple-darwin20/include"]
  ignore line: [ignoring nonexistent directory "/Library/Developer/CommandLineTools/SDKs/MacOSX12.1.sdk/Library/Frameworks"]
  ignore line: [#include "..." search starts here:]
  ignore line: [#include <...> search starts here:]
  ignore line: [ /opt/homebrew/Cellar/gcc/11.2.0_1/lib/gcc/11/gcc/aarch64-apple-darwin20/11.1.0/../../../../../../include/c++/11.1.0]
  ignore line: [ /opt/homebrew/Cellar/gcc/11.2.0_1/lib/gcc/11/gcc/aarch64-apple-darwin20/11.1.0/../../../../../../include/c++/11.1.0/aarch64-apple-darwin20]
  ignore line: [ /opt/homebrew/Cellar/gcc/11.2.0_1/lib/gcc/11/gcc/aarch64-apple-darwin20/11.1.0/../../../../../../include/c++/11.1.0/backward]
  ignore line: [ /opt/homebrew/Cellar/gcc/11.2.0_1/lib/gcc/11/gcc/aarch64-apple-darwin20/11.1.0/include]
  ignore line: [ /opt/homebrew/Cellar/gcc/11.2.0_1/lib/gcc/11/gcc/aarch64-apple-darwin20/11.1.0/include-fixed]
  ignore line: [ /Library/Developer/CommandLineTools/SDKs/MacOSX12.1.sdk/usr/include]
  ignore line: [ /Library/Developer/CommandLineTools/SDKs/MacOSX12.1.sdk/System/Library/Frameworks]
  ignore line: [End of search list.]
  ignore line: [GNU C++17 (Homebrew GCC 11.2.0_1) version 11.1.0 (aarch64-apple-darwin20)]
  ignore line: [	compiled by GNU C version 11.1.0  GMP version 6.2.1  MPFR version 4.1.0  MPC version 1.2.1  isl version isl-0.24-GMP]
  ignore line: []
  ignore line: [GGC heuristics: --param ggc-min-expand=100 --param ggc-min-heapsize=131072]
  ignore line: [Compiler executable checksum: 7472ff6f5aa39c890d91956da639992a]
  ignore line: [COLLECT_GCC_OPTIONS='-isysroot' '/Library/Developer/CommandLineTools/SDKs/MacOSX12.1.sdk' '-v' '-o' 'CMakeFiles/cmTC_41f94.dir/CMakeCXXCompilerABI.cpp.o' '-c' '-mmacosx-version-min=12.1.0'  '-mlittle-endian' '-mabi=lp64' '-dumpdir' 'CMakeFiles/cmTC_41f94.dir/']
  ignore line: [ as -arch arm64 -v -mmacosx-version-min=12.1 -o CMakeFiles/cmTC_41f94.dir/CMakeCXXCompilerABI.cpp.o /var/folders/n5/tfmlnwss24j1b2fdn952zmm00000gn/T//cc097Azz.s]
  ignore line: [Apple clang version 13.0.0 (clang-1300.0.29.30)]
  ignore line: [Target: arm64-apple-darwin21.2.0]
  ignore line: [Thread model: posix]
  ignore line: [InstalledDir: /Library/Developer/CommandLineTools/usr/bin]
  ignore line: [ "/Library/Developer/CommandLineTools/usr/bin/clang" -cc1as -triple arm64-apple-macosx12.1.0 -filetype obj -main-file-name cc097Azz.s -target-cpu apple-m1 -target-feature +v8.5a -target-feature +fp-armv8 -target-feature +neon -target-feature +crc -target-feature +crypto -target-feature +dotprod -target-feature +fp16fml -target-feature +ras -target-feature +lse -target-feature +rdm -target-feature +rcpc -target-feature +zcm -target-feature +zcz -target-feature +fullfp16 -target-feature +sm4 -target-feature +sha3 -target-feature +sha2 -target-feature +aes -fdebug-compilation-dir /Users/Lavender/Desktop/Go项目/Go-for-Acwing/build/CMakeFiles/CMakeTmp -dwarf-debug-producer "Apple clang version 13.0.0 (clang-1300.0.29.30)" -dwarf-version=4 -mrelocation-model pic --mrelax-relocations -mllvm -disable-aligned-alloc-awareness=1 -mllvm -enable-dse-memoryssa=0 -o CMakeFiles/cmTC_41f94.dir/CMakeCXXCompilerABI.cpp.o /var/folders/n5/tfmlnwss24j1b2fdn952zmm00000gn/T//cc097Azz.s]
  ignore line: [COMPILER_PATH=/opt/homebrew/Cellar/gcc/11.2.0_1/libexec/gcc/aarch64-apple-darwin20/11.1.0/:/opt/homebrew/Cellar/gcc/11.2.0_1/libexec/gcc/aarch64-apple-darwin20/11.1.0/:/opt/homebrew/Cellar/gcc/11.2.0_1/libexec/gcc/aarch64-apple-darwin20/:/opt/homebrew/Cellar/gcc/11.2.0_1/lib/gcc/11/gcc/aarch64-apple-darwin20/11.1.0/:/opt/homebrew/Cellar/gcc/11.2.0_1/lib/gcc/11/gcc/aarch64-apple-darwin20/]
  ignore line: [LIBRARY_PATH=/opt/homebrew/Cellar/gcc/11.2.0_1/lib/gcc/11/gcc/aarch64-apple-darwin20/11.1.0/:/opt/homebrew/Cellar/gcc/11.2.0_1/lib/gcc/11/gcc/aarch64-apple-darwin20/11.1.0/../../../]
  ignore line: [COLLECT_GCC_OPTIONS='-isysroot' '/Library/Developer/CommandLineTools/SDKs/MacOSX12.1.sdk' '-v' '-o' 'CMakeFiles/cmTC_41f94.dir/CMakeCXXCompilerABI.cpp.o' '-c' '-mmacosx-version-min=12.1.0'  '-mlittle-endian' '-mabi=lp64' '-dumpdir' 'CMakeFiles/cmTC_41f94.dir/CMakeCXXCompilerABI.cpp.']
  ignore line: [Linking CXX executable cmTC_41f94]
  ignore line: [/opt/homebrew/Cellar/cmake/3.21.4/bin/cmake -E cmake_link_script CMakeFiles/cmTC_41f94.dir/link.txt --verbose=1]
  ignore line: [/opt/homebrew/bin/g++-11  -arch arm64 -isysroot /Library/Developer/CommandLineTools/SDKs/MacOSX12.1.sdk -Wl -search_paths_first -Wl -headerpad_max_install_names  -v -Wl -v CMakeFiles/cmTC_41f94.dir/CMakeCXXCompilerABI.cpp.o -o cmTC_41f94 ]
  ignore line: [Using built-in specs.]
  ignore line: [COLLECT_GCC=/opt/homebrew/bin/g++-11]
  ignore line: [COLLECT_LTO_WRAPPER=/opt/homebrew/Cellar/gcc/11.2.0_1/libexec/gcc/aarch64-apple-darwin20/11.1.0/lto-wrapper]
  ignore line: [Target: aarch64-apple-darwin20]
  ignore line: [Configured with: ../configure --prefix=/opt/homebrew/Cellar/gcc/11.2.0_1 --libdir=/opt/homebrew/Cellar/gcc/11.2.0_1/lib/gcc/11 --disable-nls --enable-checking=release --enable-languages=c c++ objc obj-c++ fortran --program-suffix=-11 --with-gmp=/opt/homebrew/opt/gmp --with-mpfr=/opt/homebrew/opt/mpfr --with-mpc=/opt/homebrew/opt/libmpc --with-isl=/opt/homebrew/opt/isl --with-zstd=/opt/homebrew/opt/zstd --with-pkgversion='Homebrew GCC 11.2.0_1' --with-bugurl=https://github.com/Homebrew/homebrew-core/issues --build=aarch64-apple-darwin20 --with-system-zlib --disable-multilib --with-native-system-header-dir=/usr/include --with-sysroot=/Library/Developer/CommandLineTools/SDKs/MacOSX11.sdk]
  ignore line: [Thread model: posix]
  ignore line: [Supported LTO compression algorithms: zlib zstd]
  ignore line: [gcc version 11.1.0 (Homebrew GCC 11.2.0_1) ]
  ignore line: [COMPILER_PATH=/opt/homebrew/Cellar/gcc/11.2.0_1/libexec/gcc/aarch64-apple-darwin20/11.1.0/:/opt/homebrew/Cellar/gcc/11.2.0_1/libexec/gcc/aarch64-apple-darwin20/11.1.0/:/opt/homebrew/Cellar/gcc/11.2.0_1/libexec/gcc/aarch64-apple-darwin20/:/opt/homebrew/Cellar/gcc/11.2.0_1/lib/gcc/11/gcc/aarch64-apple-darwin20/11.1.0/:/opt/homebrew/Cellar/gcc/11.2.0_1/lib/gcc/11/gcc/aarch64-apple-darwin20/]
  ignore line: [LIBRARY_PATH=/opt/homebrew/Cellar/gcc/11.2.0_1/lib/gcc/11/gcc/aarch64-apple-darwin20/11.1.0/:/opt/homebrew/Cellar/gcc/11.2.0_1/lib/gcc/11/gcc/aarch64-apple-darwin20/11.1.0/../../../]
  ignore line: [COLLECT_GCC_OPTIONS='-isysroot' '/Library/Developer/CommandLineTools/SDKs/MacOSX12.1.sdk' '-v' '-o' 'cmTC_41f94' '-mmacosx-version-min=12.1.0' '-asm_macosx_version_min=12.1' '-mlittle-endian' '-mabi=lp64' '-dumpdir' 'cmTC_41f94.']
  link line: [ /opt/homebrew/Cellar/gcc/11.2.0_1/libexec/gcc/aarch64-apple-darwin20/11.1.0/collect2 -dynamic -arch arm64 -macosx_version_min 12.1.0 -syslibroot /Library/Developer/CommandLineTools/SDKs/MacOSX12.1.sdk -weak_reference_mismatches non-weak -o cmTC_41f94 -L/opt/homebrew/Cellar/gcc/11.2.0_1/lib/gcc/11/gcc/aarch64-apple-darwin20/11.1.0 -L/opt/homebrew/Cellar/gcc/11.2.0_1/lib/gcc/11/gcc/aarch64-apple-darwin20/11.1.0/../../.. -search_paths_first -headerpad_max_install_names -v CMakeFiles/cmTC_41f94.dir/CMakeCXXCompilerABI.cpp.o -lstdc++ -lgcc_s.1.1 -lgcc -lSystem -lgcc -no_compact_unwind -rpath @loader_path -rpath /opt/homebrew/Cellar/gcc/11.2.0_1/lib/gcc/11/gcc/aarch64-apple-darwin20/11.1.0 -rpath /opt/homebrew/Cellar/gcc/11.2.0_1/lib/gcc/11/gcc/aarch64-apple-darwin20/11.1.0/../../.. -v]
    arg [/opt/homebrew/Cellar/gcc/11.2.0_1/libexec/gcc/aarch64-apple-darwin20/11.1.0/collect2] ==> ignore
    arg [-dynamic] ==> ignore
    arg [-arch] ==> ignore
    arg [arm64] ==> ignore
    arg [-macosx_version_min] ==> ignore
    arg [12.1.0] ==> ignore
    arg [-syslibroot] ==> ignore
    arg [/Library/Developer/CommandLineTools/SDKs/MacOSX12.1.sdk] ==> ignore
    arg [-weak_reference_mismatches] ==> ignore
    arg [non-weak] ==> ignore
    arg [-o] ==> ignore
    arg [cmTC_41f94] ==> ignore
    arg [-L/opt/homebrew/Cellar/gcc/11.2.0_1/lib/gcc/11/gcc/aarch64-apple-darwin20/11.1.0] ==> dir [/opt/homebrew/Cellar/gcc/11.2.0_1/lib/gcc/11/gcc/aarch64-apple-darwin20/11.1.0]
    arg [-L/opt/homebrew/Cellar/gcc/11.2.0_1/lib/gcc/11/gcc/aarch64-apple-darwin20/11.1.0/../../..] ==> dir [/opt/homebrew/Cellar/gcc/11.2.0_1/lib/gcc/11/gcc/aarch64-apple-darwin20/11.1.0/../../..]
    arg [-search_paths_first] ==> ignore
    arg [-headerpad_max_install_names] ==> ignore
    arg [-v] ==> ignore
    arg [CMakeFiles/cmTC_41f94.dir/CMakeCXXCompilerABI.cpp.o] ==> ignore
    arg [-lstdc++] ==> lib [stdc++]
    arg [-lgcc_s.1.1] ==> lib [gcc_s.1.1]
    arg [-lgcc] ==> lib [gcc]
    arg [-lSystem] ==> lib [System]
    arg [-lgcc] ==> lib [gcc]
    arg [-no_compact_unwind] ==> ignore
    arg [-rpath] ==> ignore
    arg [@loader_path] ==> ignore
    arg [-rpath] ==> ignore
    arg [/opt/homebrew/Cellar/gcc/11.2.0_1/lib/gcc/11/gcc/aarch64-apple-darwin20/11.1.0] ==> ignore
    arg [-rpath] ==> ignore
    arg [/opt/homebrew/Cellar/gcc/11.2.0_1/lib/gcc/11/gcc/aarch64-apple-darwin20/11.1.0/../../..] ==> ignore
    arg [-v] ==> ignore
  Library search paths: [;/opt/homebrew/Cellar/gcc/11.2.0_1/lib/gcc/11/gcc/aarch64-apple-darwin20/11.1.0;/opt/homebrew/Cellar/gcc/11.2.0_1/lib/gcc/11;/Library/Developer/CommandLineTools/SDKs/MacOSX12.1.sdk/usr/lib]
  Framework search paths: [;/Library/Developer/CommandLineTools/SDKs/MacOSX12.1.sdk/System/Library/Frameworks/]
  remove lib [System]
  collapse library dir [/opt/homebrew/Cellar/gcc/11.2.0_1/lib/gcc/11/gcc/aarch64-apple-darwin20/11.1.0] ==> [/opt/homebrew/Cellar/gcc/11.2.0_1/lib/gcc/11/gcc/aarch64-apple-darwin20/11.1.0]
  collapse library dir [/opt/homebrew/Cellar/gcc/11.2.0_1/lib/gcc/11/gcc/aarch64-apple-darwin20/11.1.0/../../..] ==> [/opt/homebrew/Cellar/gcc/11.2.0_1/lib/gcc/11]
  collapse library dir [/opt/homebrew/Cellar/gcc/11.2.0_1/lib/gcc/11/gcc/aarch64-apple-darwin20/11.1.0] ==> [/opt/homebrew/Cellar/gcc/11.2.0_1/lib/gcc/11/gcc/aarch64-apple-darwin20/11.1.0]
  collapse library dir [/opt/homebrew/Cellar/gcc/11.2.0_1/lib/gcc/11] ==> [/opt/homebrew/Cellar/gcc/11.2.0_1/lib/gcc/11]
  collapse library dir [/Library/Developer/CommandLineTools/SDKs/MacOSX12.1.sdk/usr/lib] ==> [/Library/Developer/CommandLineTools/SDKs/MacOSX12.1.sdk/usr/lib]
  collapse framework dir [/Library/Developer/CommandLineTools/SDKs/MacOSX12.1.sdk/System/Library/Frameworks/] ==> [/Library/Developer/CommandLineTools/SDKs/MacOSX12.1.sdk/System/Library/Frameworks]
  implicit libs: [stdc++;gcc_s.1.1;gcc;gcc]
  implicit objs: []
  implicit dirs: [/opt/homebrew/Cellar/gcc/11.2.0_1/lib/gcc/11/gcc/aarch64-apple-darwin20/11.1.0;/opt/homebrew/Cellar/gcc/11.2.0_1/lib/gcc/11;/Library/Developer/CommandLineTools/SDKs/MacOSX12.1.sdk/usr/lib]
  implicit fwks: [/Library/Developer/CommandLineTools/SDKs/MacOSX12.1.sdk/System/Library/Frameworks]


